$ next build --turbopack
Attention: Next.js now collects completely anonymous telemetry regarding usage.
This information is used to shape Next.js' roadmap and prioritize features.
You can learn more, including how to opt-out if you'd not like to participate in this anonymous program, by visiting the following URL:
https://nextjs.org/telemetry

   ▲ Next.js 15.5.3 (Turbopack)

   Creating an optimized production build ...
 ✓ Finished writing to disk in 30ms
 ✓ Compiled successfully in 6.0s
   Linting and checking validity of types ...

Failed to compile.

./app/api/db/migrate/route.ts
7:28  Warning: 'request' is defined but never used.  @typescript-eslint/no-unused-vars

./app/profile/[slug]/page.tsx
212:10  Warning: 'slidesContent' is assigned a value but never used.  @typescript-eslint/no-unused-vars
212:25  Warning: 'setSlidesContent' is assigned a value but never used.  @typescript-eslint/no-unused-vars

./lib/airtable.ts
11:20  Error: Unexpected any. Specify a different type.  @typescript-eslint/no-explicit-any
18:20  Error: Unexpected any. Specify a different type.  @typescript-eslint/no-explicit-any
79:36  Error: Unexpected any. Specify a different type.  @typescript-eslint/no-explicit-any

info  - Need to disable some ESLint rules? Learn more here: https://nextjs.org/docs/app/api-reference/config/eslint#disabling-rules
error: script "build" exited with code 1
